{
  "stats": {
    "suites": 12,
    "tests": 41,
    "passes": 0,
    "pending": 0,
    "failures": 41,
    "start": "2022-07-04T17:39:26.813Z",
    "end": "2022-07-04T17:42:39.370Z",
    "duration": 192557,
    "testsRegistered": 41,
    "passPercent": 0,
    "pendingPercent": 0,
    "other": 0,
    "hasOther": false,
    "skipped": 0,
    "hasSkipped": false
  },
  "results": [
    {
      "uuid": "1ba8d1ee-4c98-4ef3-b45a-80797e35dd6f",
      "title": "",
      "fullFile": "cypress/integration/project.spec.js",
      "file": "cypress/integration/project.spec.js",
      "beforeHooks": [],
      "afterHooks": [],
      "tests": [],
      "suites": [
        {
          "uuid": "049e1ed0-9868-48dd-8967-d3c50e587e57",
          "title": "1 - Adicione à página o título \"Paleta de Cores\".",
          "fullFile": "",
          "file": "",
          "beforeHooks": [],
          "afterHooks": [],
          "tests": [
            {
              "title": "Verifica se contém um elemento `h1` com o id `title` com o título correto",
              "fullTitle": "1 - Adicione à página o título \"Paleta de Cores\". Verifica se contém um elemento `h1` com o id `title` com o título correto",
              "timedOut": null,
              "duration": 4766,
              "state": "failed",
              "speed": null,
              "pass": false,
              "fail": true,
              "pending": false,
              "context": null,
              "code": "cy.get('h1#title').should('contain.text', 'Paleta de Cores');",
              "err": {
                "message": "CypressError: Timed out retrying: Expected to find element: 'h1#title', but never found it.",
                "estack": "CypressError: Timed out retrying: Expected to find element: 'h1#title', but never found it.\n    at cypressErr (http://localhost:44365/__cypress/runner/cypress_runner.js:149934:9)\n    at throwErr (http://localhost:44365/__cypress/runner/cypress_runner.js:149867:11)\n    at Object.throwErrByPath (http://localhost:44365/__cypress/runner/cypress_runner.js:149915:3)\n    at retry (http://localhost:44365/__cypress/runner/cypress_runner.js:144197:19)\n    at onFailFn (http://localhost:44365/__cypress/runner/cypress_runner.js:132448:16)\n    at tryCatcher (http://localhost:44365/__cypress/runner/cypress_runner.js:167415:23)\n    at Promise._settlePromiseFromHandler (http://localhost:44365/__cypress/runner/cypress_runner.js:165351:31)\n    at Promise._settlePromise (http://localhost:44365/__cypress/runner/cypress_runner.js:165408:18)\n    at Promise._settlePromise0 (http://localhost:44365/__cypress/runner/cypress_runner.js:165453:10)\n    at Promise._settlePromises (http://localhost:44365/__cypress/runner/cypress_runner.js:165528:18)\n    at Async../node_modules/bluebird/js/release/async.js.Async._drainQueue (http://localhost:44365/__cypress/runner/cypress_runner.js:162140:16)\n    at Async../node_modules/bluebird/js/release/async.js.Async._drainQueues (http://localhost:44365/__cypress/runner/cypress_runner.js:162150:10)\n    at Async.drainQueues (http://localhost:44365/__cypress/runner/cypress_runner.js:162024:14)",
                "diff": null
              },
              "uuid": "2d9951cd-c9d0-49b2-9830-810c4842ce1a",
              "parentUUID": "049e1ed0-9868-48dd-8967-d3c50e587e57",
              "isHook": false,
              "skipped": false
            }
          ],
          "suites": [],
          "passes": [],
          "failures": [
            "2d9951cd-c9d0-49b2-9830-810c4842ce1a"
          ],
          "pending": [],
          "skipped": [],
          "duration": 4766,
          "root": false,
          "rootEmpty": false,
          "_timeout": 2000
        },
        {
          "uuid": "2f375f10-2815-4588-b3de-663ad727bf3d",
          "title": "2 - Adicione à página uma paleta de quatro cores distintas.",
          "fullFile": "",
          "file": "",
          "beforeHooks": [],
          "afterHooks": [],
          "tests": [
            {
              "title": "A paleta de cores deve ser um elemento com `id` denominado `color-palette` e ter mais de 0px de altura e de largura.",
              "fullTitle": "2 - Adicione à página uma paleta de quatro cores distintas. A paleta de cores deve ser um elemento com `id` denominado `color-palette` e ter mais de 0px de altura e de largura.",
              "timedOut": null,
              "duration": 4527,
              "state": "failed",
              "speed": null,
              "pass": false,
              "fail": true,
              "pending": false,
              "context": null,
              "code": "cy.get('#color-palette').should('be.visible');\ncy.get('#color-palette').children('.color');",
              "err": {
                "message": "CypressError: Timed out retrying: Expected to find element: '#color-palette', but never found it.",
                "estack": "CypressError: Timed out retrying: Expected to find element: '#color-palette', but never found it.\n    at cypressErr (http://localhost:44365/__cypress/runner/cypress_runner.js:149934:9)\n    at throwErr (http://localhost:44365/__cypress/runner/cypress_runner.js:149867:11)\n    at Object.throwErrByPath (http://localhost:44365/__cypress/runner/cypress_runner.js:149915:3)\n    at retry (http://localhost:44365/__cypress/runner/cypress_runner.js:144197:19)\n    at onFailFn (http://localhost:44365/__cypress/runner/cypress_runner.js:132448:16)\n    at tryCatcher (http://localhost:44365/__cypress/runner/cypress_runner.js:167415:23)\n    at Promise._settlePromiseFromHandler (http://localhost:44365/__cypress/runner/cypress_runner.js:165351:31)\n    at Promise._settlePromise (http://localhost:44365/__cypress/runner/cypress_runner.js:165408:18)\n    at Promise._settlePromise0 (http://localhost:44365/__cypress/runner/cypress_runner.js:165453:10)\n    at Promise._settlePromises (http://localhost:44365/__cypress/runner/cypress_runner.js:165528:18)\n    at Async../node_modules/bluebird/js/release/async.js.Async._drainQueue (http://localhost:44365/__cypress/runner/cypress_runner.js:162140:16)\n    at Async../node_modules/bluebird/js/release/async.js.Async._drainQueues (http://localhost:44365/__cypress/runner/cypress_runner.js:162150:10)\n    at Async.drainQueues (http://localhost:44365/__cypress/runner/cypress_runner.js:162024:14)",
                "diff": null
              },
              "uuid": "a9adf4dc-5a65-4e1e-92eb-ac3c115e601c",
              "parentUUID": "2f375f10-2815-4588-b3de-663ad727bf3d",
              "isHook": false,
              "skipped": false
            },
            {
              "title": "Verifica se cada cor individual da paleta de cores possui a `classe` chamada `color`.",
              "fullTitle": "2 - Adicione à página uma paleta de quatro cores distintas. Verifica se cada cor individual da paleta de cores possui a `classe` chamada `color`.",
              "timedOut": null,
              "duration": 4452,
              "state": "failed",
              "speed": null,
              "pass": false,
              "fail": true,
              "pending": false,
              "context": null,
              "code": "cy.get('.color').should('have.length', 4).then(function (colors) {\n  for (var i = 0; i < colors.length; i++) {\n    cy.wrap(colors[i]).should('be.visible');\n  }\n});",
              "err": {
                "message": "CypressError: Timed out retrying: Expected to find element: '.color', but never found it.",
                "estack": "CypressError: Timed out retrying: Expected to find element: '.color', but never found it.\n    at cypressErr (http://localhost:44365/__cypress/runner/cypress_runner.js:149934:9)\n    at throwErr (http://localhost:44365/__cypress/runner/cypress_runner.js:149867:11)\n    at Object.throwErrByPath (http://localhost:44365/__cypress/runner/cypress_runner.js:149915:3)\n    at retry (http://localhost:44365/__cypress/runner/cypress_runner.js:144197:19)\n    at onFailFn (http://localhost:44365/__cypress/runner/cypress_runner.js:132448:16)\n    at tryCatcher (http://localhost:44365/__cypress/runner/cypress_runner.js:167415:23)\n    at Promise._settlePromiseFromHandler (http://localhost:44365/__cypress/runner/cypress_runner.js:165351:31)\n    at Promise._settlePromise (http://localhost:44365/__cypress/runner/cypress_runner.js:165408:18)\n    at Promise._settlePromise0 (http://localhost:44365/__cypress/runner/cypress_runner.js:165453:10)\n    at Promise._settlePromises (http://localhost:44365/__cypress/runner/cypress_runner.js:165528:18)\n    at Async../node_modules/bluebird/js/release/async.js.Async._drainQueue (http://localhost:44365/__cypress/runner/cypress_runner.js:162140:16)\n    at Async../node_modules/bluebird/js/release/async.js.Async._drainQueues (http://localhost:44365/__cypress/runner/cypress_runner.js:162150:10)\n    at Async.drainQueues (http://localhost:44365/__cypress/runner/cypress_runner.js:162024:14)",
                "diff": null
              },
              "uuid": "8c6a93c3-c0e4-4a89-aead-0b109a2a0bcf",
              "parentUUID": "2f375f10-2815-4588-b3de-663ad727bf3d",
              "isHook": false,
              "skipped": false
            },
            {
              "title": "Verifica se a cor de fundo de cada elemento da paleta é a cor que o elemento representa. **A única cor não permitida na paleta é a cor branca.**",
              "fullTitle": "2 - Adicione à página uma paleta de quatro cores distintas. Verifica se a cor de fundo de cada elemento da paleta é a cor que o elemento representa. **A única cor não permitida na paleta é a cor branca.**",
              "timedOut": null,
              "duration": 4477,
              "state": "failed",
              "speed": null,
              "pass": false,
              "fail": true,
              "pending": false,
              "context": null,
              "code": "cy.get('.color').each(function (color) {\n  cy.wrap(color).should('have.class', 'color').and('not.have.css', 'background-color', WHITE);\n  cy.wrap(color).should('have.css', 'background-color');\n});",
              "err": {
                "message": "CypressError: Timed out retrying: Expected to find element: '.color', but never found it.",
                "estack": "CypressError: Timed out retrying: Expected to find element: '.color', but never found it.\n    at cypressErr (http://localhost:44365/__cypress/runner/cypress_runner.js:149934:9)\n    at throwErr (http://localhost:44365/__cypress/runner/cypress_runner.js:149867:11)\n    at Object.throwErrByPath (http://localhost:44365/__cypress/runner/cypress_runner.js:149915:3)\n    at retry (http://localhost:44365/__cypress/runner/cypress_runner.js:144197:19)\n    at onFailFn (http://localhost:44365/__cypress/runner/cypress_runner.js:132448:16)\n    at tryCatcher (http://localhost:44365/__cypress/runner/cypress_runner.js:167415:23)\n    at Promise._settlePromiseFromHandler (http://localhost:44365/__cypress/runner/cypress_runner.js:165351:31)\n    at Promise._settlePromise (http://localhost:44365/__cypress/runner/cypress_runner.js:165408:18)\n    at Promise._settlePromise0 (http://localhost:44365/__cypress/runner/cypress_runner.js:165453:10)\n    at Promise._settlePromises (http://localhost:44365/__cypress/runner/cypress_runner.js:165528:18)\n    at Async../node_modules/bluebird/js/release/async.js.Async._drainQueue (http://localhost:44365/__cypress/runner/cypress_runner.js:162140:16)\n    at Async../node_modules/bluebird/js/release/async.js.Async._drainQueues (http://localhost:44365/__cypress/runner/cypress_runner.js:162150:10)\n    at Async.drainQueues (http://localhost:44365/__cypress/runner/cypress_runner.js:162024:14)",
                "diff": null
              },
              "uuid": "5e3e3fa0-f982-45cf-8de9-010541cbf0d5",
              "parentUUID": "2f375f10-2815-4588-b3de-663ad727bf3d",
              "isHook": false,
              "skipped": false
            },
            {
              "title": "Verifica se cada elemento da paleta de cores tem uma borda preta, sólida e com 1 pixel de largura;",
              "fullTitle": "2 - Adicione à página uma paleta de quatro cores distintas. Verifica se cada elemento da paleta de cores tem uma borda preta, sólida e com 1 pixel de largura;",
              "timedOut": null,
              "duration": 4505,
              "state": "failed",
              "speed": null,
              "pass": false,
              "fail": true,
              "pending": false,
              "context": null,
              "code": "cy.get('.color').each(function (color) {\n  cy.wrap(color).and('have.css', 'border', \"1px solid \".concat(BLACK)).and('have.class', 'color');\n});",
              "err": {
                "message": "CypressError: Timed out retrying: Expected to find element: '.color', but never found it.",
                "estack": "CypressError: Timed out retrying: Expected to find element: '.color', but never found it.\n    at cypressErr (http://localhost:44365/__cypress/runner/cypress_runner.js:149934:9)\n    at throwErr (http://localhost:44365/__cypress/runner/cypress_runner.js:149867:11)\n    at Object.throwErrByPath (http://localhost:44365/__cypress/runner/cypress_runner.js:149915:3)\n    at retry (http://localhost:44365/__cypress/runner/cypress_runner.js:144197:19)\n    at onFailFn (http://localhost:44365/__cypress/runner/cypress_runner.js:132448:16)\n    at tryCatcher (http://localhost:44365/__cypress/runner/cypress_runner.js:167415:23)\n    at Promise._settlePromiseFromHandler (http://localhost:44365/__cypress/runner/cypress_runner.js:165351:31)\n    at Promise._settlePromise (http://localhost:44365/__cypress/runner/cypress_runner.js:165408:18)\n    at Promise._settlePromise0 (http://localhost:44365/__cypress/runner/cypress_runner.js:165453:10)\n    at Promise._settlePromises (http://localhost:44365/__cypress/runner/cypress_runner.js:165528:18)\n    at Async../node_modules/bluebird/js/release/async.js.Async._drainQueue (http://localhost:44365/__cypress/runner/cypress_runner.js:162140:16)\n    at Async../node_modules/bluebird/js/release/async.js.Async._drainQueues (http://localhost:44365/__cypress/runner/cypress_runner.js:162150:10)\n    at Async.drainQueues (http://localhost:44365/__cypress/runner/cypress_runner.js:162024:14)",
                "diff": null
              },
              "uuid": "b5017d43-3bb7-4050-8373-a8c5fb51c551",
              "parentUUID": "2f375f10-2815-4588-b3de-663ad727bf3d",
              "isHook": false,
              "skipped": false
            },
            {
              "title": "Verifica se a paleta lista todas as cores disponíveis para utilização, lado a lado.",
              "fullTitle": "2 - Adicione à página uma paleta de quatro cores distintas. Verifica se a paleta lista todas as cores disponíveis para utilização, lado a lado.",
              "timedOut": null,
              "duration": 4681,
              "state": "failed",
              "speed": null,
              "pass": false,
              "fail": true,
              "pending": false,
              "context": null,
              "code": "cy.get('.color').then(function (colors) {\n  for (var index = 1; index < colors.length; index += 1) {\n    var currentColor = colors[index];\n    var previousColor = colors[index - 1];\n    cy.wrap(currentColor).should('be.onTheRightOf', previousColor).and('be.horizontallyAlignedWith', previousColor);\n  }\n});",
              "err": {
                "message": "CypressError: Timed out retrying: Expected to find element: '.color', but never found it.",
                "estack": "CypressError: Timed out retrying: Expected to find element: '.color', but never found it.\n    at cypressErr (http://localhost:44365/__cypress/runner/cypress_runner.js:149934:9)\n    at throwErr (http://localhost:44365/__cypress/runner/cypress_runner.js:149867:11)\n    at Object.throwErrByPath (http://localhost:44365/__cypress/runner/cypress_runner.js:149915:3)\n    at retry (http://localhost:44365/__cypress/runner/cypress_runner.js:144197:19)\n    at onFailFn (http://localhost:44365/__cypress/runner/cypress_runner.js:132448:16)\n    at tryCatcher (http://localhost:44365/__cypress/runner/cypress_runner.js:167415:23)\n    at Promise._settlePromiseFromHandler (http://localhost:44365/__cypress/runner/cypress_runner.js:165351:31)\n    at Promise._settlePromise (http://localhost:44365/__cypress/runner/cypress_runner.js:165408:18)\n    at Promise._settlePromise0 (http://localhost:44365/__cypress/runner/cypress_runner.js:165453:10)\n    at Promise._settlePromises (http://localhost:44365/__cypress/runner/cypress_runner.js:165528:18)\n    at Async../node_modules/bluebird/js/release/async.js.Async._drainQueue (http://localhost:44365/__cypress/runner/cypress_runner.js:162140:16)\n    at Async../node_modules/bluebird/js/release/async.js.Async._drainQueues (http://localhost:44365/__cypress/runner/cypress_runner.js:162150:10)\n    at Async.drainQueues (http://localhost:44365/__cypress/runner/cypress_runner.js:162024:14)",
                "diff": null
              },
              "uuid": "2b4c1f3f-e44e-41d3-8a9f-20f472ea2ba6",
              "parentUUID": "2f375f10-2815-4588-b3de-663ad727bf3d",
              "isHook": false,
              "skipped": false
            },
            {
              "title": "Verifica se a paleta de cores está posicionada abaixo do título 'Paleta de Cores'",
              "fullTitle": "2 - Adicione à página uma paleta de quatro cores distintas. Verifica se a paleta de cores está posicionada abaixo do título 'Paleta de Cores'",
              "timedOut": null,
              "duration": 4631,
              "state": "failed",
              "speed": null,
              "pass": false,
              "fail": true,
              "pending": false,
              "context": null,
              "code": "cy.get('h1#title').then(function (title) {\n  cy.get('#color-palette').should('be.belowOf', title);\n});",
              "err": {
                "message": "CypressError: Timed out retrying: Expected to find element: 'h1#title', but never found it.",
                "estack": "CypressError: Timed out retrying: Expected to find element: 'h1#title', but never found it.\n    at cypressErr (http://localhost:44365/__cypress/runner/cypress_runner.js:149934:9)\n    at throwErr (http://localhost:44365/__cypress/runner/cypress_runner.js:149867:11)\n    at Object.throwErrByPath (http://localhost:44365/__cypress/runner/cypress_runner.js:149915:3)\n    at retry (http://localhost:44365/__cypress/runner/cypress_runner.js:144197:19)\n    at onFailFn (http://localhost:44365/__cypress/runner/cypress_runner.js:132448:16)\n    at tryCatcher (http://localhost:44365/__cypress/runner/cypress_runner.js:167415:23)\n    at Promise._settlePromiseFromHandler (http://localhost:44365/__cypress/runner/cypress_runner.js:165351:31)\n    at Promise._settlePromise (http://localhost:44365/__cypress/runner/cypress_runner.js:165408:18)\n    at Promise._settlePromise0 (http://localhost:44365/__cypress/runner/cypress_runner.js:165453:10)\n    at Promise._settlePromises (http://localhost:44365/__cypress/runner/cypress_runner.js:165528:18)\n    at Async../node_modules/bluebird/js/release/async.js.Async._drainQueue (http://localhost:44365/__cypress/runner/cypress_runner.js:162140:16)\n    at Async../node_modules/bluebird/js/release/async.js.Async._drainQueues (http://localhost:44365/__cypress/runner/cypress_runner.js:162150:10)\n    at Async.drainQueues (http://localhost:44365/__cypress/runner/cypress_runner.js:162024:14)",
                "diff": null
              },
              "uuid": "f5cca167-bf84-49f8-8fd4-4a711396f3e6",
              "parentUUID": "2f375f10-2815-4588-b3de-663ad727bf3d",
              "isHook": false,
              "skipped": false
            },
            {
              "title": "Verifica se a paleta de cores não contém cores repetidas.",
              "fullTitle": "2 - Adicione à página uma paleta de quatro cores distintas. Verifica se a paleta de cores não contém cores repetidas.",
              "timedOut": null,
              "duration": 4448,
              "state": "failed",
              "speed": null,
              "pass": false,
              "fail": true,
              "pending": false,
              "context": null,
              "code": "cy.get('.color').then(function (colors) {\n  var allColors = Array.from(colors).map(function (color) {\n    return Cypress.$(color).css('background-color');\n  });\n  cy.log(allColors);\n  var uniqColors = (0, _toConsumableArray2[\"default\"])(new Set(allColors));\n  cy.log(uniqColors);\n  expect(allColors.length).to.eq(uniqColors.length);\n});",
              "err": {
                "message": "CypressError: Timed out retrying: Expected to find element: '.color', but never found it.",
                "estack": "CypressError: Timed out retrying: Expected to find element: '.color', but never found it.\n    at cypressErr (http://localhost:44365/__cypress/runner/cypress_runner.js:149934:9)\n    at throwErr (http://localhost:44365/__cypress/runner/cypress_runner.js:149867:11)\n    at Object.throwErrByPath (http://localhost:44365/__cypress/runner/cypress_runner.js:149915:3)\n    at retry (http://localhost:44365/__cypress/runner/cypress_runner.js:144197:19)\n    at onFailFn (http://localhost:44365/__cypress/runner/cypress_runner.js:132448:16)\n    at tryCatcher (http://localhost:44365/__cypress/runner/cypress_runner.js:167415:23)\n    at Promise._settlePromiseFromHandler (http://localhost:44365/__cypress/runner/cypress_runner.js:165351:31)\n    at Promise._settlePromise (http://localhost:44365/__cypress/runner/cypress_runner.js:165408:18)\n    at Promise._settlePromise0 (http://localhost:44365/__cypress/runner/cypress_runner.js:165453:10)\n    at Promise._settlePromises (http://localhost:44365/__cypress/runner/cypress_runner.js:165528:18)\n    at Async../node_modules/bluebird/js/release/async.js.Async._drainQueue (http://localhost:44365/__cypress/runner/cypress_runner.js:162140:16)\n    at Async../node_modules/bluebird/js/release/async.js.Async._drainQueues (http://localhost:44365/__cypress/runner/cypress_runner.js:162150:10)\n    at Async.drainQueues (http://localhost:44365/__cypress/runner/cypress_runner.js:162024:14)",
                "diff": null
              },
              "uuid": "f2cdd92e-1779-465f-bfda-6edf648d8720",
              "parentUUID": "2f375f10-2815-4588-b3de-663ad727bf3d",
              "isHook": false,
              "skipped": false
            }
          ],
          "suites": [],
          "passes": [],
          "failures": [
            "a9adf4dc-5a65-4e1e-92eb-ac3c115e601c",
            "8c6a93c3-c0e4-4a89-aead-0b109a2a0bcf",
            "5e3e3fa0-f982-45cf-8de9-010541cbf0d5",
            "b5017d43-3bb7-4050-8373-a8c5fb51c551",
            "2b4c1f3f-e44e-41d3-8a9f-20f472ea2ba6",
            "f5cca167-bf84-49f8-8fd4-4a711396f3e6",
            "f2cdd92e-1779-465f-bfda-6edf648d8720"
          ],
          "pending": [],
          "skipped": [],
          "duration": 31721,
          "root": false,
          "rootEmpty": false,
          "_timeout": 2000
        },
        {
          "uuid": "02d89f5f-7244-4335-8214-476f1f79a500",
          "title": "3 - Adicione a cor **preta** como a primeira cor da paleta de cores.",
          "fullFile": "",
          "file": "",
          "beforeHooks": [],
          "afterHooks": [],
          "tests": [
            {
              "title": "Verifica se a primeira cor da paleta é preta",
              "fullTitle": "3 - Adicione a cor **preta** como a primeira cor da paleta de cores. Verifica se a primeira cor da paleta é preta",
              "timedOut": null,
              "duration": 4627,
              "state": "failed",
              "speed": null,
              "pass": false,
              "fail": true,
              "pending": false,
              "context": null,
              "code": "cy.get('.color').first().should('have.css', 'background-color', BLACK);",
              "err": {
                "message": "CypressError: Timed out retrying: Expected to find element: '.color', but never found it.",
                "estack": "CypressError: Timed out retrying: Expected to find element: '.color', but never found it.\n    at cypressErr (http://localhost:44365/__cypress/runner/cypress_runner.js:149934:9)\n    at throwErr (http://localhost:44365/__cypress/runner/cypress_runner.js:149867:11)\n    at Object.throwErrByPath (http://localhost:44365/__cypress/runner/cypress_runner.js:149915:3)\n    at retry (http://localhost:44365/__cypress/runner/cypress_runner.js:144197:19)\n    at onFailFn (http://localhost:44365/__cypress/runner/cypress_runner.js:132448:16)\n    at tryCatcher (http://localhost:44365/__cypress/runner/cypress_runner.js:167415:23)\n    at Promise._settlePromiseFromHandler (http://localhost:44365/__cypress/runner/cypress_runner.js:165351:31)\n    at Promise._settlePromise (http://localhost:44365/__cypress/runner/cypress_runner.js:165408:18)\n    at Promise._settlePromise0 (http://localhost:44365/__cypress/runner/cypress_runner.js:165453:10)\n    at Promise._settlePromises (http://localhost:44365/__cypress/runner/cypress_runner.js:165528:18)\n    at Async../node_modules/bluebird/js/release/async.js.Async._drainQueue (http://localhost:44365/__cypress/runner/cypress_runner.js:162140:16)\n    at Async../node_modules/bluebird/js/release/async.js.Async._drainQueues (http://localhost:44365/__cypress/runner/cypress_runner.js:162150:10)\n    at Async.drainQueues (http://localhost:44365/__cypress/runner/cypress_runner.js:162024:14)",
                "diff": null
              },
              "uuid": "e8dc0015-1f9e-485d-ad6d-860a802aa53c",
              "parentUUID": "02d89f5f-7244-4335-8214-476f1f79a500",
              "isHook": false,
              "skipped": false
            },
            {
              "title": "Verifica se as demais cores podem ser escolhidas livremente.",
              "fullTitle": "3 - Adicione a cor **preta** como a primeira cor da paleta de cores. Verifica se as demais cores podem ser escolhidas livremente.",
              "timedOut": null,
              "duration": 4539,
              "state": "failed",
              "speed": null,
              "pass": false,
              "fail": true,
              "pending": false,
              "context": null,
              "code": "cy.get('.color').eq(1).should('not.have.css', 'background-color', BLACK);\ncy.get('.color').eq(1).should('not.have.css', 'background-color', WHITE);\ncy.get('.color').eq(1).should('not.have.css', 'background-color', 'rgba(0, 0, 0, 0)');\ncy.get('.color').eq(1).should('have.css', 'background-color');\ncy.get('.color').eq(2).should('not.have.css', 'background-color', BLACK);\ncy.get('.color').eq(2).should('not.have.css', 'background-color', WHITE);\ncy.get('.color').eq(2).should('not.have.css', 'background-color', 'rgba(0, 0, 0, 0)');\ncy.get('.color').eq(2).should('have.css', 'background-color');\ncy.get('.color').eq(3).should('not.have.css', 'background-color', BLACK);\ncy.get('.color').eq(3).should('not.have.css', 'background-color', WHITE);\ncy.get('.color').eq(3).should('not.have.css', 'background-color', 'rgba(0, 0, 0, 0)');\ncy.get('.color').eq(3).should('have.css', 'background-color');",
              "err": {
                "message": "CypressError: Timed out retrying: Expected to find element: '.color', but never found it.",
                "estack": "CypressError: Timed out retrying: Expected to find element: '.color', but never found it.\n    at cypressErr (http://localhost:44365/__cypress/runner/cypress_runner.js:149934:9)\n    at throwErr (http://localhost:44365/__cypress/runner/cypress_runner.js:149867:11)\n    at Object.throwErrByPath (http://localhost:44365/__cypress/runner/cypress_runner.js:149915:3)\n    at retry (http://localhost:44365/__cypress/runner/cypress_runner.js:144197:19)\n    at onFailFn (http://localhost:44365/__cypress/runner/cypress_runner.js:132448:16)\n    at tryCatcher (http://localhost:44365/__cypress/runner/cypress_runner.js:167415:23)\n    at Promise._settlePromiseFromHandler (http://localhost:44365/__cypress/runner/cypress_runner.js:165351:31)\n    at Promise._settlePromise (http://localhost:44365/__cypress/runner/cypress_runner.js:165408:18)\n    at Promise._settlePromise0 (http://localhost:44365/__cypress/runner/cypress_runner.js:165453:10)\n    at Promise._settlePromises (http://localhost:44365/__cypress/runner/cypress_runner.js:165528:18)\n    at Async../node_modules/bluebird/js/release/async.js.Async._drainQueue (http://localhost:44365/__cypress/runner/cypress_runner.js:162140:16)\n    at Async../node_modules/bluebird/js/release/async.js.Async._drainQueues (http://localhost:44365/__cypress/runner/cypress_runner.js:162150:10)\n    at Async.drainQueues (http://localhost:44365/__cypress/runner/cypress_runner.js:162024:14)",
                "diff": null
              },
              "uuid": "d06c3332-865a-4c92-b39a-bd2be6bcc74c",
              "parentUUID": "02d89f5f-7244-4335-8214-476f1f79a500",
              "isHook": false,
              "skipped": false
            }
          ],
          "suites": [],
          "passes": [],
          "failures": [
            "e8dc0015-1f9e-485d-ad6d-860a802aa53c",
            "d06c3332-865a-4c92-b39a-bd2be6bcc74c"
          ],
          "pending": [],
          "skipped": [],
          "duration": 9166,
          "root": false,
          "rootEmpty": false,
          "_timeout": 2000
        },
        {
          "uuid": "ae3e7742-f770-48c9-9448-8f98c9b1e59b",
          "title": "4 - Adicione à página um quadro de pixels, com 25 pixels.",
          "fullFile": "",
          "file": "",
          "beforeHooks": [],
          "afterHooks": [],
          "tests": [
            {
              "title": "Verifica se o quadro de pixels possui o `id` denominado `pixel-board`",
              "fullTitle": "4 - Adicione à página um quadro de pixels, com 25 pixels. Verifica se o quadro de pixels possui o `id` denominado `pixel-board`",
              "timedOut": null,
              "duration": 4674,
              "state": "failed",
              "speed": null,
              "pass": false,
              "fail": true,
              "pending": false,
              "context": null,
              "code": "cy.get('#pixel-board').should('be.visible');",
              "err": {
                "message": "CypressError: Timed out retrying: Expected to find element: '#pixel-board', but never found it.",
                "estack": "CypressError: Timed out retrying: Expected to find element: '#pixel-board', but never found it.\n    at cypressErr (http://localhost:44365/__cypress/runner/cypress_runner.js:149934:9)\n    at throwErr (http://localhost:44365/__cypress/runner/cypress_runner.js:149867:11)\n    at Object.throwErrByPath (http://localhost:44365/__cypress/runner/cypress_runner.js:149915:3)\n    at retry (http://localhost:44365/__cypress/runner/cypress_runner.js:144197:19)\n    at onFailFn (http://localhost:44365/__cypress/runner/cypress_runner.js:132448:16)\n    at tryCatcher (http://localhost:44365/__cypress/runner/cypress_runner.js:167415:23)\n    at Promise._settlePromiseFromHandler (http://localhost:44365/__cypress/runner/cypress_runner.js:165351:31)\n    at Promise._settlePromise (http://localhost:44365/__cypress/runner/cypress_runner.js:165408:18)\n    at Promise._settlePromise0 (http://localhost:44365/__cypress/runner/cypress_runner.js:165453:10)\n    at Promise._settlePromises (http://localhost:44365/__cypress/runner/cypress_runner.js:165528:18)\n    at Async../node_modules/bluebird/js/release/async.js.Async._drainQueue (http://localhost:44365/__cypress/runner/cypress_runner.js:162140:16)\n    at Async../node_modules/bluebird/js/release/async.js.Async._drainQueues (http://localhost:44365/__cypress/runner/cypress_runner.js:162150:10)\n    at Async.drainQueues (http://localhost:44365/__cypress/runner/cypress_runner.js:162024:14)",
                "diff": null
              },
              "uuid": "a24b101c-e89f-46e0-8f20-1d5521135845",
              "parentUUID": "ae3e7742-f770-48c9-9448-8f98c9b1e59b",
              "isHook": false,
              "skipped": false
            },
            {
              "title": "Verifica se cada pixel individual dentro do quadro possui a `classe` denominada `pixel`.",
              "fullTitle": "4 - Adicione à página um quadro de pixels, com 25 pixels. Verifica se cada pixel individual dentro do quadro possui a `classe` denominada `pixel`.",
              "timedOut": null,
              "duration": 4557,
              "state": "failed",
              "speed": null,
              "pass": false,
              "fail": true,
              "pending": false,
              "context": null,
              "code": "cy.get('.pixel').should('have.length', 25);",
              "err": {
                "message": "CypressError: Timed out retrying: Expected to find element: '.pixel', but never found it.",
                "estack": "CypressError: Timed out retrying: Expected to find element: '.pixel', but never found it.\n    at cypressErr (http://localhost:44365/__cypress/runner/cypress_runner.js:149934:9)\n    at throwErr (http://localhost:44365/__cypress/runner/cypress_runner.js:149867:11)\n    at Object.throwErrByPath (http://localhost:44365/__cypress/runner/cypress_runner.js:149915:3)\n    at retry (http://localhost:44365/__cypress/runner/cypress_runner.js:144197:19)\n    at onFailFn (http://localhost:44365/__cypress/runner/cypress_runner.js:132448:16)\n    at tryCatcher (http://localhost:44365/__cypress/runner/cypress_runner.js:167415:23)\n    at Promise._settlePromiseFromHandler (http://localhost:44365/__cypress/runner/cypress_runner.js:165351:31)\n    at Promise._settlePromise (http://localhost:44365/__cypress/runner/cypress_runner.js:165408:18)\n    at Promise._settlePromise0 (http://localhost:44365/__cypress/runner/cypress_runner.js:165453:10)\n    at Promise._settlePromises (http://localhost:44365/__cypress/runner/cypress_runner.js:165528:18)\n    at Async../node_modules/bluebird/js/release/async.js.Async._drainQueue (http://localhost:44365/__cypress/runner/cypress_runner.js:162140:16)\n    at Async../node_modules/bluebird/js/release/async.js.Async._drainQueues (http://localhost:44365/__cypress/runner/cypress_runner.js:162150:10)\n    at Async.drainQueues (http://localhost:44365/__cypress/runner/cypress_runner.js:162024:14)",
                "diff": null
              },
              "uuid": "2d8e95c7-0b29-48ff-97d7-523165c6e146",
              "parentUUID": "ae3e7742-f770-48c9-9448-8f98c9b1e59b",
              "isHook": false,
              "skipped": false
            },
            {
              "title": "Verifica se a cor inicial dos pixels dentro do quadro, ao abrir a página, é branca.",
              "fullTitle": "4 - Adicione à página um quadro de pixels, com 25 pixels. Verifica se a cor inicial dos pixels dentro do quadro, ao abrir a página, é branca.",
              "timedOut": null,
              "duration": 4577,
              "state": "failed",
              "speed": null,
              "pass": false,
              "fail": true,
              "pending": false,
              "context": null,
              "code": "cy.get('.pixel').should('have.length', 25).each(function (pixel) {\n  expect(pixel).to.have.css('background-color', WHITE);\n});",
              "err": {
                "message": "CypressError: Timed out retrying: Expected to find element: '.pixel', but never found it.",
                "estack": "CypressError: Timed out retrying: Expected to find element: '.pixel', but never found it.\n    at cypressErr (http://localhost:44365/__cypress/runner/cypress_runner.js:149934:9)\n    at throwErr (http://localhost:44365/__cypress/runner/cypress_runner.js:149867:11)\n    at Object.throwErrByPath (http://localhost:44365/__cypress/runner/cypress_runner.js:149915:3)\n    at retry (http://localhost:44365/__cypress/runner/cypress_runner.js:144197:19)\n    at onFailFn (http://localhost:44365/__cypress/runner/cypress_runner.js:132448:16)\n    at tryCatcher (http://localhost:44365/__cypress/runner/cypress_runner.js:167415:23)\n    at Promise._settlePromiseFromHandler (http://localhost:44365/__cypress/runner/cypress_runner.js:165351:31)\n    at Promise._settlePromise (http://localhost:44365/__cypress/runner/cypress_runner.js:165408:18)\n    at Promise._settlePromise0 (http://localhost:44365/__cypress/runner/cypress_runner.js:165453:10)\n    at Promise._settlePromises (http://localhost:44365/__cypress/runner/cypress_runner.js:165528:18)\n    at Async../node_modules/bluebird/js/release/async.js.Async._drainQueue (http://localhost:44365/__cypress/runner/cypress_runner.js:162140:16)\n    at Async../node_modules/bluebird/js/release/async.js.Async._drainQueues (http://localhost:44365/__cypress/runner/cypress_runner.js:162150:10)\n    at Async.drainQueues (http://localhost:44365/__cypress/runner/cypress_runner.js:162024:14)",
                "diff": null
              },
              "uuid": "7f56ef32-f3d6-4bef-9e07-693c06abc951",
              "parentUUID": "ae3e7742-f770-48c9-9448-8f98c9b1e59b",
              "isHook": false,
              "skipped": false
            },
            {
              "title": "Verifica se o quadro de pixels aparece abaixo da paleta de cores",
              "fullTitle": "4 - Adicione à página um quadro de pixels, com 25 pixels. Verifica se o quadro de pixels aparece abaixo da paleta de cores",
              "timedOut": null,
              "duration": 4494,
              "state": "failed",
              "speed": null,
              "pass": false,
              "fail": true,
              "pending": false,
              "context": null,
              "code": "cy.get('#color-palette').then(function (palette) {\n  cy.get('#pixel-board').should('be.belowOf', palette);\n});",
              "err": {
                "message": "CypressError: Timed out retrying: Expected to find element: '#color-palette', but never found it.",
                "estack": "CypressError: Timed out retrying: Expected to find element: '#color-palette', but never found it.\n    at cypressErr (http://localhost:44365/__cypress/runner/cypress_runner.js:149934:9)\n    at throwErr (http://localhost:44365/__cypress/runner/cypress_runner.js:149867:11)\n    at Object.throwErrByPath (http://localhost:44365/__cypress/runner/cypress_runner.js:149915:3)\n    at retry (http://localhost:44365/__cypress/runner/cypress_runner.js:144197:19)\n    at onFailFn (http://localhost:44365/__cypress/runner/cypress_runner.js:132448:16)\n    at tryCatcher (http://localhost:44365/__cypress/runner/cypress_runner.js:167415:23)\n    at Promise._settlePromiseFromHandler (http://localhost:44365/__cypress/runner/cypress_runner.js:165351:31)\n    at Promise._settlePromise (http://localhost:44365/__cypress/runner/cypress_runner.js:165408:18)\n    at Promise._settlePromise0 (http://localhost:44365/__cypress/runner/cypress_runner.js:165453:10)\n    at Promise._settlePromises (http://localhost:44365/__cypress/runner/cypress_runner.js:165528:18)\n    at Async../node_modules/bluebird/js/release/async.js.Async._drainQueue (http://localhost:44365/__cypress/runner/cypress_runner.js:162140:16)\n    at Async../node_modules/bluebird/js/release/async.js.Async._drainQueues (http://localhost:44365/__cypress/runner/cypress_runner.js:162150:10)\n    at Async.drainQueues (http://localhost:44365/__cypress/runner/cypress_runner.js:162024:14)",
                "diff": null
              },
              "uuid": "496282b6-51fe-48ac-b61b-8bb096ec76ec",
              "parentUUID": "ae3e7742-f770-48c9-9448-8f98c9b1e59b",
              "isHook": false,
              "skipped": false
            }
          ],
          "suites": [],
          "passes": [],
          "failures": [
            "a24b101c-e89f-46e0-8f20-1d5521135845",
            "2d8e95c7-0b29-48ff-97d7-523165c6e146",
            "7f56ef32-f3d6-4bef-9e07-693c06abc951",
            "496282b6-51fe-48ac-b61b-8bb096ec76ec"
          ],
          "pending": [],
          "skipped": [],
          "duration": 18302,
          "root": false,
          "rootEmpty": false,
          "_timeout": 2000
        },
        {
          "uuid": "62e18556-2f3c-41a7-8bbb-1307a381519b",
          "title": "5 - Faça com que cada elemento do quadro de pixels possua 40 pixels de largura, 40 pixels de altura e seja delimitado por uma borda preta de 1 pixel.",
          "fullFile": "",
          "file": "",
          "beforeHooks": [],
          "afterHooks": [],
          "tests": [
            {
              "title": "Verifica se o quadro de pixels tem altura e comprimento de 5 elementos",
              "fullTitle": "5 - Faça com que cada elemento do quadro de pixels possua 40 pixels de largura, 40 pixels de altura e seja delimitado por uma borda preta de 1 pixel. Verifica se o quadro de pixels tem altura e comprimento de 5 elementos",
              "timedOut": null,
              "duration": 4734,
              "state": "failed",
              "speed": null,
              "pass": false,
              "fail": true,
              "pending": false,
              "context": null,
              "code": "cy.get('.pixel').should('have.length', 25).each(function (pixel) {\n  expect(pixel).to.have.css('background-color', WHITE);\n}).and(function (pixels) {\n  var rows = chunk(pixels, 5);\n  rows.forEach(function (row) {\n    for (var index = 1; index < row.length; index += 1) {\n      var current = pixels[index];\n      var previous = pixels[index - 1];\n      cy.wrap(current).should('be.onTheRightOf', previous).and('be.horizontallyAlignedWith', previous);\n    }\n  });\n  for (var index = 1; index < 5; index += 1) {\n    expect(pixels[index * 5]).to.be.belowOf(pixels[(index - 1) * 5]);\n  }\n});",
              "err": {
                "message": "CypressError: Timed out retrying: Expected to find element: '.pixel', but never found it.",
                "estack": "CypressError: Timed out retrying: Expected to find element: '.pixel', but never found it.\n    at cypressErr (http://localhost:44365/__cypress/runner/cypress_runner.js:149934:9)\n    at throwErr (http://localhost:44365/__cypress/runner/cypress_runner.js:149867:11)\n    at Object.throwErrByPath (http://localhost:44365/__cypress/runner/cypress_runner.js:149915:3)\n    at retry (http://localhost:44365/__cypress/runner/cypress_runner.js:144197:19)\n    at onFailFn (http://localhost:44365/__cypress/runner/cypress_runner.js:132448:16)\n    at tryCatcher (http://localhost:44365/__cypress/runner/cypress_runner.js:167415:23)\n    at Promise._settlePromiseFromHandler (http://localhost:44365/__cypress/runner/cypress_runner.js:165351:31)\n    at Promise._settlePromise (http://localhost:44365/__cypress/runner/cypress_runner.js:165408:18)\n    at Promise._settlePromise0 (http://localhost:44365/__cypress/runner/cypress_runner.js:165453:10)\n    at Promise._settlePromises (http://localhost:44365/__cypress/runner/cypress_runner.js:165528:18)\n    at Async../node_modules/bluebird/js/release/async.js.Async._drainQueue (http://localhost:44365/__cypress/runner/cypress_runner.js:162140:16)\n    at Async../node_modules/bluebird/js/release/async.js.Async._drainQueues (http://localhost:44365/__cypress/runner/cypress_runner.js:162150:10)\n    at Async.drainQueues (http://localhost:44365/__cypress/runner/cypress_runner.js:162024:14)",
                "diff": null
              },
              "uuid": "064632b8-7bb0-4bc0-b01c-2251ca6f02e9",
              "parentUUID": "62e18556-2f3c-41a7-8bbb-1307a381519b",
              "isHook": false,
              "skipped": false
            },
            {
              "title": "Verifica se 40 pixels é o tamanho total do elemento, incluindo seu conteúdo e excluindo a borda preta, que deve ser criada à parte.",
              "fullTitle": "5 - Faça com que cada elemento do quadro de pixels possua 40 pixels de largura, 40 pixels de altura e seja delimitado por uma borda preta de 1 pixel. Verifica se 40 pixels é o tamanho total do elemento, incluindo seu conteúdo e excluindo a borda preta, que deve ser criada à parte.",
              "timedOut": null,
              "duration": 4560,
              "state": "failed",
              "speed": null,
              "pass": false,
              "fail": true,
              "pending": false,
              "context": null,
              "code": "cy.get('.pixel').each(function (pixel) {\n  cy.wrap(pixel).should('have.css', 'height', '40px').and('have.css', 'width', '40px').and('have.css', 'border', \"1px solid \".concat(BLACK));\n});",
              "err": {
                "message": "CypressError: Timed out retrying: Expected to find element: '.pixel', but never found it.",
                "estack": "CypressError: Timed out retrying: Expected to find element: '.pixel', but never found it.\n    at cypressErr (http://localhost:44365/__cypress/runner/cypress_runner.js:149934:9)\n    at throwErr (http://localhost:44365/__cypress/runner/cypress_runner.js:149867:11)\n    at Object.throwErrByPath (http://localhost:44365/__cypress/runner/cypress_runner.js:149915:3)\n    at retry (http://localhost:44365/__cypress/runner/cypress_runner.js:144197:19)\n    at onFailFn (http://localhost:44365/__cypress/runner/cypress_runner.js:132448:16)\n    at tryCatcher (http://localhost:44365/__cypress/runner/cypress_runner.js:167415:23)\n    at Promise._settlePromiseFromHandler (http://localhost:44365/__cypress/runner/cypress_runner.js:165351:31)\n    at Promise._settlePromise (http://localhost:44365/__cypress/runner/cypress_runner.js:165408:18)\n    at Promise._settlePromise0 (http://localhost:44365/__cypress/runner/cypress_runner.js:165453:10)\n    at Promise._settlePromises (http://localhost:44365/__cypress/runner/cypress_runner.js:165528:18)\n    at Async../node_modules/bluebird/js/release/async.js.Async._drainQueue (http://localhost:44365/__cypress/runner/cypress_runner.js:162140:16)\n    at Async../node_modules/bluebird/js/release/async.js.Async._drainQueues (http://localhost:44365/__cypress/runner/cypress_runner.js:162150:10)\n    at Async.drainQueues (http://localhost:44365/__cypress/runner/cypress_runner.js:162024:14)",
                "diff": null
              },
              "uuid": "78fc46eb-aa95-45e4-851e-2701b1a4f3b9",
              "parentUUID": "62e18556-2f3c-41a7-8bbb-1307a381519b",
              "isHook": false,
              "skipped": false
            }
          ],
          "suites": [],
          "passes": [],
          "failures": [
            "064632b8-7bb0-4bc0-b01c-2251ca6f02e9",
            "78fc46eb-aa95-45e4-851e-2701b1a4f3b9"
          ],
          "pending": [],
          "skipped": [],
          "duration": 9294,
          "root": false,
          "rootEmpty": false,
          "_timeout": 2000
        },
        {
          "uuid": "cdbe73e3-ac62-40c8-9f15-b650a79df40a",
          "title": "6 - Defina a cor preta como cor inicial. Ao carregar a página a cor preta já deve estar selecionada para pintar os pixels",
          "fullFile": "",
          "file": "",
          "beforeHooks": [],
          "afterHooks": [],
          "tests": [
            {
              "title": "Verifica se o elemento da cor preta possui, inicialmente, a `classe` `selected`",
              "fullTitle": "6 - Defina a cor preta como cor inicial. Ao carregar a página a cor preta já deve estar selecionada para pintar os pixels Verifica se o elemento da cor preta possui, inicialmente, a `classe` `selected`",
              "timedOut": null,
              "duration": 4755,
              "state": "failed",
              "speed": null,
              "pass": false,
              "fail": true,
              "pending": false,
              "context": null,
              "code": "cy.get('.selected').first().should('have.css', 'background-color', BLACK);",
              "err": {
                "message": "CypressError: Timed out retrying: Expected to find element: '.selected', but never found it.",
                "estack": "CypressError: Timed out retrying: Expected to find element: '.selected', but never found it.\n    at cypressErr (http://localhost:44365/__cypress/runner/cypress_runner.js:149934:9)\n    at throwErr (http://localhost:44365/__cypress/runner/cypress_runner.js:149867:11)\n    at Object.throwErrByPath (http://localhost:44365/__cypress/runner/cypress_runner.js:149915:3)\n    at retry (http://localhost:44365/__cypress/runner/cypress_runner.js:144197:19)\n    at onFailFn (http://localhost:44365/__cypress/runner/cypress_runner.js:132448:16)\n    at tryCatcher (http://localhost:44365/__cypress/runner/cypress_runner.js:167415:23)\n    at Promise._settlePromiseFromHandler (http://localhost:44365/__cypress/runner/cypress_runner.js:165351:31)\n    at Promise._settlePromise (http://localhost:44365/__cypress/runner/cypress_runner.js:165408:18)\n    at Promise._settlePromise0 (http://localhost:44365/__cypress/runner/cypress_runner.js:165453:10)\n    at Promise._settlePromises (http://localhost:44365/__cypress/runner/cypress_runner.js:165528:18)\n    at Async../node_modules/bluebird/js/release/async.js.Async._drainQueue (http://localhost:44365/__cypress/runner/cypress_runner.js:162140:16)\n    at Async../node_modules/bluebird/js/release/async.js.Async._drainQueues (http://localhost:44365/__cypress/runner/cypress_runner.js:162150:10)\n    at Async.drainQueues (http://localhost:44365/__cypress/runner/cypress_runner.js:162024:14)",
                "diff": null
              },
              "uuid": "9940c980-c56b-43cc-8a0e-8c4f0bdd2d0e",
              "parentUUID": "cdbe73e3-ac62-40c8-9f15-b650a79df40a",
              "isHook": false,
              "skipped": false
            },
            {
              "title": "Verifica se nenhuma outra cor da paleta tem a `classe` `selected`",
              "fullTitle": "6 - Defina a cor preta como cor inicial. Ao carregar a página a cor preta já deve estar selecionada para pintar os pixels Verifica se nenhuma outra cor da paleta tem a `classe` `selected`",
              "timedOut": null,
              "duration": 4508,
              "state": "failed",
              "speed": null,
              "pass": false,
              "fail": true,
              "pending": false,
              "context": null,
              "code": "cy.get('.color:not(:first-child)').each(function (color) {\n  cy.wrap(color).should('not.have.class', 'selected');\n});",
              "err": {
                "message": "CypressError: Timed out retrying: Expected to find element: '.color:not(:first-child)', but never found it.",
                "estack": "CypressError: Timed out retrying: Expected to find element: '.color:not(:first-child)', but never found it.\n    at cypressErr (http://localhost:44365/__cypress/runner/cypress_runner.js:149934:9)\n    at throwErr (http://localhost:44365/__cypress/runner/cypress_runner.js:149867:11)\n    at Object.throwErrByPath (http://localhost:44365/__cypress/runner/cypress_runner.js:149915:3)\n    at retry (http://localhost:44365/__cypress/runner/cypress_runner.js:144197:19)\n    at onFailFn (http://localhost:44365/__cypress/runner/cypress_runner.js:132448:16)\n    at tryCatcher (http://localhost:44365/__cypress/runner/cypress_runner.js:167415:23)\n    at Promise._settlePromiseFromHandler (http://localhost:44365/__cypress/runner/cypress_runner.js:165351:31)\n    at Promise._settlePromise (http://localhost:44365/__cypress/runner/cypress_runner.js:165408:18)\n    at Promise._settlePromise0 (http://localhost:44365/__cypress/runner/cypress_runner.js:165453:10)\n    at Promise._settlePromises (http://localhost:44365/__cypress/runner/cypress_runner.js:165528:18)\n    at Async../node_modules/bluebird/js/release/async.js.Async._drainQueue (http://localhost:44365/__cypress/runner/cypress_runner.js:162140:16)\n    at Async../node_modules/bluebird/js/release/async.js.Async._drainQueues (http://localhost:44365/__cypress/runner/cypress_runner.js:162150:10)\n    at Async.drainQueues (http://localhost:44365/__cypress/runner/cypress_runner.js:162024:14)",
                "diff": null
              },
              "uuid": "be99a0d4-771d-4e7c-8237-e747569e2d17",
              "parentUUID": "cdbe73e3-ac62-40c8-9f15-b650a79df40a",
              "isHook": false,
              "skipped": false
            }
          ],
          "suites": [],
          "passes": [],
          "failures": [
            "9940c980-c56b-43cc-8a0e-8c4f0bdd2d0e",
            "be99a0d4-771d-4e7c-8237-e747569e2d17"
          ],
          "pending": [],
          "skipped": [],
          "duration": 9263,
          "root": false,
          "rootEmpty": false,
          "_timeout": 2000
        },
        {
          "uuid": "317fc24f-17b7-4729-8e39-346807639ea4",
          "title": "7 - Clicar em uma das cores da paleta, faz com que ela seja selecionada e utilizada para preencher os pixels no quadro.",
          "fullFile": "",
          "file": "",
          "beforeHooks": [],
          "afterHooks": [],
          "tests": [
            {
              "title": "Verifica se somente uma cor da paleta de cores tem a classe `selected` de cada vez",
              "fullTitle": "7 - Clicar em uma das cores da paleta, faz com que ela seja selecionada e utilizada para preencher os pixels no quadro. Verifica se somente uma cor da paleta de cores tem a classe `selected` de cada vez",
              "timedOut": null,
              "duration": 4733,
              "state": "failed",
              "speed": null,
              "pass": false,
              "fail": true,
              "pending": false,
              "context": null,
              "code": "cy.get('.color').each(function (selectedColor, selectedColorIndex) {\n  cy.wrap(selectedColor).click();\n  cy.get('.color').each(function (color, colorIndex) {\n    if (colorIndex === selectedColorIndex) {\n      expect(color).to.have[\"class\"]('selected');\n    } else {\n      expect(color).not.to.have[\"class\"]('selected');\n    }\n  });\n});",
              "err": {
                "message": "CypressError: Timed out retrying: Expected to find element: '.color', but never found it.",
                "estack": "CypressError: Timed out retrying: Expected to find element: '.color', but never found it.\n    at cypressErr (http://localhost:44365/__cypress/runner/cypress_runner.js:149934:9)\n    at throwErr (http://localhost:44365/__cypress/runner/cypress_runner.js:149867:11)\n    at Object.throwErrByPath (http://localhost:44365/__cypress/runner/cypress_runner.js:149915:3)\n    at retry (http://localhost:44365/__cypress/runner/cypress_runner.js:144197:19)\n    at onFailFn (http://localhost:44365/__cypress/runner/cypress_runner.js:132448:16)\n    at tryCatcher (http://localhost:44365/__cypress/runner/cypress_runner.js:167415:23)\n    at Promise._settlePromiseFromHandler (http://localhost:44365/__cypress/runner/cypress_runner.js:165351:31)\n    at Promise._settlePromise (http://localhost:44365/__cypress/runner/cypress_runner.js:165408:18)\n    at Promise._settlePromise0 (http://localhost:44365/__cypress/runner/cypress_runner.js:165453:10)\n    at Promise._settlePromises (http://localhost:44365/__cypress/runner/cypress_runner.js:165528:18)\n    at Async../node_modules/bluebird/js/release/async.js.Async._drainQueue (http://localhost:44365/__cypress/runner/cypress_runner.js:162140:16)\n    at Async../node_modules/bluebird/js/release/async.js.Async._drainQueues (http://localhost:44365/__cypress/runner/cypress_runner.js:162150:10)\n    at Async.drainQueues (http://localhost:44365/__cypress/runner/cypress_runner.js:162024:14)",
                "diff": null
              },
              "uuid": "bae9267e-a301-432a-a63f-6397eefa987b",
              "parentUUID": "317fc24f-17b7-4729-8e39-346807639ea4",
              "isHook": false,
              "skipped": false
            },
            {
              "title": "Verifica se os pixels dentro do quadro não têm a classe `selected` quando são clicados",
              "fullTitle": "7 - Clicar em uma das cores da paleta, faz com que ela seja selecionada e utilizada para preencher os pixels no quadro. Verifica se os pixels dentro do quadro não têm a classe `selected` quando são clicados",
              "timedOut": null,
              "duration": 4723,
              "state": "failed",
              "speed": null,
              "pass": false,
              "fail": true,
              "pending": false,
              "context": null,
              "code": "cy.get('.color').each(function (color) {\n  var backgroundColor = color.css('background-color');\n  cy.wrap(color).click();\n  cy.get('.pixel').each(function (pixel) {\n    cy.wrap(pixel).click().should('not.have.class', 'selected');\n  });\n});",
              "err": {
                "message": "CypressError: Timed out retrying: Expected to find element: '.color', but never found it.",
                "estack": "CypressError: Timed out retrying: Expected to find element: '.color', but never found it.\n    at cypressErr (http://localhost:44365/__cypress/runner/cypress_runner.js:149934:9)\n    at throwErr (http://localhost:44365/__cypress/runner/cypress_runner.js:149867:11)\n    at Object.throwErrByPath (http://localhost:44365/__cypress/runner/cypress_runner.js:149915:3)\n    at retry (http://localhost:44365/__cypress/runner/cypress_runner.js:144197:19)\n    at onFailFn (http://localhost:44365/__cypress/runner/cypress_runner.js:132448:16)\n    at tryCatcher (http://localhost:44365/__cypress/runner/cypress_runner.js:167415:23)\n    at Promise._settlePromiseFromHandler (http://localhost:44365/__cypress/runner/cypress_runner.js:165351:31)\n    at Promise._settlePromise (http://localhost:44365/__cypress/runner/cypress_runner.js:165408:18)\n    at Promise._settlePromise0 (http://localhost:44365/__cypress/runner/cypress_runner.js:165453:10)\n    at Promise._settlePromises (http://localhost:44365/__cypress/runner/cypress_runner.js:165528:18)\n    at Async../node_modules/bluebird/js/release/async.js.Async._drainQueue (http://localhost:44365/__cypress/runner/cypress_runner.js:162140:16)\n    at Async../node_modules/bluebird/js/release/async.js.Async._drainQueues (http://localhost:44365/__cypress/runner/cypress_runner.js:162150:10)\n    at Async.drainQueues (http://localhost:44365/__cypress/runner/cypress_runner.js:162024:14)",
                "diff": null
              },
              "uuid": "533078ce-8535-4d7f-a84f-e1e57a3545f6",
              "parentUUID": "317fc24f-17b7-4729-8e39-346807639ea4",
              "isHook": false,
              "skipped": false
            }
          ],
          "suites": [],
          "passes": [],
          "failures": [
            "bae9267e-a301-432a-a63f-6397eefa987b",
            "533078ce-8535-4d7f-a84f-e1e57a3545f6"
          ],
          "pending": [],
          "skipped": [],
          "duration": 9456,
          "root": false,
          "rootEmpty": false,
          "_timeout": 2000
        },
        {
          "uuid": "4951a369-7324-4717-a4cc-75efa56a3d57",
          "title": "8 - Clicar em um pixel dentro do quadro após selecionar uma cor na paleta, faz com que o pixel seja preenchido com a cor selecionada.",
          "fullFile": "",
          "file": "",
          "beforeHooks": [],
          "afterHooks": [],
          "tests": [
            {
              "title": "Verifica se ao carregar a página deve ser possível pintar os pixels de preto",
              "fullTitle": "8 - Clicar em um pixel dentro do quadro após selecionar uma cor na paleta, faz com que o pixel seja preenchido com a cor selecionada. Verifica se ao carregar a página deve ser possível pintar os pixels de preto",
              "timedOut": null,
              "duration": 4768,
              "state": "failed",
              "speed": null,
              "pass": false,
              "fail": true,
              "pending": false,
              "context": null,
              "code": "cy.get('.pixel').each(function (pixel) {\n  cy.wrap(pixel).click().should('have.css', 'background-color', BLACK);\n});",
              "err": {
                "message": "CypressError: Timed out retrying: Expected to find element: '.pixel', but never found it.",
                "estack": "CypressError: Timed out retrying: Expected to find element: '.pixel', but never found it.\n    at cypressErr (http://localhost:44365/__cypress/runner/cypress_runner.js:149934:9)\n    at throwErr (http://localhost:44365/__cypress/runner/cypress_runner.js:149867:11)\n    at Object.throwErrByPath (http://localhost:44365/__cypress/runner/cypress_runner.js:149915:3)\n    at retry (http://localhost:44365/__cypress/runner/cypress_runner.js:144197:19)\n    at onFailFn (http://localhost:44365/__cypress/runner/cypress_runner.js:132448:16)\n    at tryCatcher (http://localhost:44365/__cypress/runner/cypress_runner.js:167415:23)\n    at Promise._settlePromiseFromHandler (http://localhost:44365/__cypress/runner/cypress_runner.js:165351:31)\n    at Promise._settlePromise (http://localhost:44365/__cypress/runner/cypress_runner.js:165408:18)\n    at Promise._settlePromise0 (http://localhost:44365/__cypress/runner/cypress_runner.js:165453:10)\n    at Promise._settlePromises (http://localhost:44365/__cypress/runner/cypress_runner.js:165528:18)\n    at Async../node_modules/bluebird/js/release/async.js.Async._drainQueue (http://localhost:44365/__cypress/runner/cypress_runner.js:162140:16)\n    at Async../node_modules/bluebird/js/release/async.js.Async._drainQueues (http://localhost:44365/__cypress/runner/cypress_runner.js:162150:10)\n    at Async.drainQueues (http://localhost:44365/__cypress/runner/cypress_runner.js:162024:14)",
                "diff": null
              },
              "uuid": "cbc45db6-7a15-4070-9244-4cb9a9802c18",
              "parentUUID": "4951a369-7324-4717-a4cc-75efa56a3d57",
              "isHook": false,
              "skipped": false
            },
            {
              "title": "Verifica se após selecionar uma outra cor na paleta, é possível pintar os pixels com essa cor",
              "fullTitle": "8 - Clicar em um pixel dentro do quadro após selecionar uma cor na paleta, faz com que o pixel seja preenchido com a cor selecionada. Verifica se após selecionar uma outra cor na paleta, é possível pintar os pixels com essa cor",
              "timedOut": null,
              "duration": 4614,
              "state": "failed",
              "speed": null,
              "pass": false,
              "fail": true,
              "pending": false,
              "context": null,
              "code": "cy.get('.color').each(function (color) {\n  var backgroundColor = color.css('background-color');\n  cy.wrap(color).click();\n  cy.get('.pixel').each(function (pixel) {\n    cy.wrap(pixel).click().should('have.css', 'background-color', backgroundColor);\n  });\n});",
              "err": {
                "message": "CypressError: Timed out retrying: Expected to find element: '.color', but never found it.",
                "estack": "CypressError: Timed out retrying: Expected to find element: '.color', but never found it.\n    at cypressErr (http://localhost:44365/__cypress/runner/cypress_runner.js:149934:9)\n    at throwErr (http://localhost:44365/__cypress/runner/cypress_runner.js:149867:11)\n    at Object.throwErrByPath (http://localhost:44365/__cypress/runner/cypress_runner.js:149915:3)\n    at retry (http://localhost:44365/__cypress/runner/cypress_runner.js:144197:19)\n    at onFailFn (http://localhost:44365/__cypress/runner/cypress_runner.js:132448:16)\n    at tryCatcher (http://localhost:44365/__cypress/runner/cypress_runner.js:167415:23)\n    at Promise._settlePromiseFromHandler (http://localhost:44365/__cypress/runner/cypress_runner.js:165351:31)\n    at Promise._settlePromise (http://localhost:44365/__cypress/runner/cypress_runner.js:165408:18)\n    at Promise._settlePromise0 (http://localhost:44365/__cypress/runner/cypress_runner.js:165453:10)\n    at Promise._settlePromises (http://localhost:44365/__cypress/runner/cypress_runner.js:165528:18)\n    at Async../node_modules/bluebird/js/release/async.js.Async._drainQueue (http://localhost:44365/__cypress/runner/cypress_runner.js:162140:16)\n    at Async../node_modules/bluebird/js/release/async.js.Async._drainQueues (http://localhost:44365/__cypress/runner/cypress_runner.js:162150:10)\n    at Async.drainQueues (http://localhost:44365/__cypress/runner/cypress_runner.js:162024:14)",
                "diff": null
              },
              "uuid": "b2650a9f-26dc-4a98-ac62-6866a5585fdb",
              "parentUUID": "4951a369-7324-4717-a4cc-75efa56a3d57",
              "isHook": false,
              "skipped": false
            },
            {
              "title": "Verifica se somente o pixel que foi clicado foi preenchido com a cor selecionada, sem influenciar na cor dos demais pixels.",
              "fullTitle": "8 - Clicar em um pixel dentro do quadro após selecionar uma cor na paleta, faz com que o pixel seja preenchido com a cor selecionada. Verifica se somente o pixel que foi clicado foi preenchido com a cor selecionada, sem influenciar na cor dos demais pixels.",
              "timedOut": null,
              "duration": 4749,
              "state": "failed",
              "speed": null,
              "pass": false,
              "fail": true,
              "pending": false,
              "context": null,
              "code": "var colorToPixelIndexMap = {\n  0: 6,\n  1: 8,\n  2: 16,\n  3: 18\n};\ncy.get('.color').each(function (color, index) {\n  cy.wrap(color).click();\n  var backgroundColor = color.css('background-color');\n  var clickedPixelIndex = colorToPixelIndexMap[index];\n  cy.get('.pixel').eq(clickedPixelIndex).click();\n  cy.get('.pixel').eq(clickedPixelIndex - 1).should('not.have.css', 'background-color', backgroundColor);\n  cy.get('.pixel').eq(clickedPixelIndex + 1).should('not.have.css', 'background-color', backgroundColor);\n  cy.get('.pixel').eq(clickedPixelIndex - 5).should('not.have.css', 'background-color', backgroundColor);\n  cy.get('.pixel').eq(clickedPixelIndex + 5).should('not.have.css', 'background-color', backgroundColor);\n  cy.get('.pixel').eq(clickedPixelIndex - 6).should('not.have.css', 'background-color', backgroundColor);\n  cy.get('.pixel').eq(clickedPixelIndex - 4).should('not.have.css', 'background-color', backgroundColor);\n  cy.get('.pixel').eq(clickedPixelIndex + 4).should('not.have.css', 'background-color', backgroundColor);\n  cy.get('.pixel').eq(clickedPixelIndex + 6).should('not.have.css', 'background-color', backgroundColor);\n});",
              "err": {
                "message": "CypressError: Timed out retrying: Expected to find element: '.color', but never found it.",
                "estack": "CypressError: Timed out retrying: Expected to find element: '.color', but never found it.\n    at cypressErr (http://localhost:44365/__cypress/runner/cypress_runner.js:149934:9)\n    at throwErr (http://localhost:44365/__cypress/runner/cypress_runner.js:149867:11)\n    at Object.throwErrByPath (http://localhost:44365/__cypress/runner/cypress_runner.js:149915:3)\n    at retry (http://localhost:44365/__cypress/runner/cypress_runner.js:144197:19)\n    at onFailFn (http://localhost:44365/__cypress/runner/cypress_runner.js:132448:16)\n    at tryCatcher (http://localhost:44365/__cypress/runner/cypress_runner.js:167415:23)\n    at Promise._settlePromiseFromHandler (http://localhost:44365/__cypress/runner/cypress_runner.js:165351:31)\n    at Promise._settlePromise (http://localhost:44365/__cypress/runner/cypress_runner.js:165408:18)\n    at Promise._settlePromise0 (http://localhost:44365/__cypress/runner/cypress_runner.js:165453:10)\n    at Promise._settlePromises (http://localhost:44365/__cypress/runner/cypress_runner.js:165528:18)\n    at Async../node_modules/bluebird/js/release/async.js.Async._drainQueue (http://localhost:44365/__cypress/runner/cypress_runner.js:162140:16)\n    at Async../node_modules/bluebird/js/release/async.js.Async._drainQueues (http://localhost:44365/__cypress/runner/cypress_runner.js:162150:10)\n    at Async.drainQueues (http://localhost:44365/__cypress/runner/cypress_runner.js:162024:14)",
                "diff": null
              },
              "uuid": "1ffc9c0a-949a-4e44-b3c8-ed63eb11fb64",
              "parentUUID": "4951a369-7324-4717-a4cc-75efa56a3d57",
              "isHook": false,
              "skipped": false
            }
          ],
          "suites": [],
          "passes": [],
          "failures": [
            "cbc45db6-7a15-4070-9244-4cb9a9802c18",
            "b2650a9f-26dc-4a98-ac62-6866a5585fdb",
            "1ffc9c0a-949a-4e44-b3c8-ed63eb11fb64"
          ],
          "pending": [],
          "skipped": [],
          "duration": 14131,
          "root": false,
          "rootEmpty": false,
          "_timeout": 2000
        },
        {
          "uuid": "4f111ef4-741d-4c25-994b-c2a13d22c302",
          "title": "9 - Crie um botão que, ao ser clicado, limpa o quadro preenchendo a cor de todos seus pixels com branco.",
          "fullFile": "",
          "file": "",
          "beforeHooks": [],
          "afterHooks": [],
          "tests": [
            {
              "title": "Verifica se o botão tem o `id` denominado `clear-board`",
              "fullTitle": "9 - Crie um botão que, ao ser clicado, limpa o quadro preenchendo a cor de todos seus pixels com branco. Verifica se o botão tem o `id` denominado `clear-board`",
              "timedOut": null,
              "duration": 4610,
              "state": "failed",
              "speed": null,
              "pass": false,
              "fail": true,
              "pending": false,
              "context": null,
              "code": "cy.get('#clear-board').should('be.visible');",
              "err": {
                "message": "CypressError: Timed out retrying: Expected to find element: '#clear-board', but never found it.",
                "estack": "CypressError: Timed out retrying: Expected to find element: '#clear-board', but never found it.\n    at cypressErr (http://localhost:44365/__cypress/runner/cypress_runner.js:149934:9)\n    at throwErr (http://localhost:44365/__cypress/runner/cypress_runner.js:149867:11)\n    at Object.throwErrByPath (http://localhost:44365/__cypress/runner/cypress_runner.js:149915:3)\n    at retry (http://localhost:44365/__cypress/runner/cypress_runner.js:144197:19)\n    at onFailFn (http://localhost:44365/__cypress/runner/cypress_runner.js:132448:16)\n    at tryCatcher (http://localhost:44365/__cypress/runner/cypress_runner.js:167415:23)\n    at Promise._settlePromiseFromHandler (http://localhost:44365/__cypress/runner/cypress_runner.js:165351:31)\n    at Promise._settlePromise (http://localhost:44365/__cypress/runner/cypress_runner.js:165408:18)\n    at Promise._settlePromise0 (http://localhost:44365/__cypress/runner/cypress_runner.js:165453:10)\n    at Promise._settlePromises (http://localhost:44365/__cypress/runner/cypress_runner.js:165528:18)\n    at Async../node_modules/bluebird/js/release/async.js.Async._drainQueue (http://localhost:44365/__cypress/runner/cypress_runner.js:162140:16)\n    at Async../node_modules/bluebird/js/release/async.js.Async._drainQueues (http://localhost:44365/__cypress/runner/cypress_runner.js:162150:10)\n    at Async.drainQueues (http://localhost:44365/__cypress/runner/cypress_runner.js:162024:14)",
                "diff": null
              },
              "uuid": "3270a8ea-1f04-4e6d-9dec-6d75c8b7a8bb",
              "parentUUID": "4f111ef4-741d-4c25-994b-c2a13d22c302",
              "isHook": false,
              "skipped": false
            },
            {
              "title": "Verifica se o botão está posicionado entre a paleta de cores e o quadro de pixels",
              "fullTitle": "9 - Crie um botão que, ao ser clicado, limpa o quadro preenchendo a cor de todos seus pixels com branco. Verifica se o botão está posicionado entre a paleta de cores e o quadro de pixels",
              "timedOut": null,
              "duration": 4694,
              "state": "failed",
              "speed": null,
              "pass": false,
              "fail": true,
              "pending": false,
              "context": null,
              "code": "cy.get('#color-palette').then(function (palette) {\n  cy.get('#clear-board').should('be.belowOf', palette);\n});\ncy.get('#clear-board').then(function (clearBtn) {\n  cy.get('#pixel-board').should('be.belowOf', clearBtn);\n});",
              "err": {
                "message": "CypressError: Timed out retrying: Expected to find element: '#color-palette', but never found it.",
                "estack": "CypressError: Timed out retrying: Expected to find element: '#color-palette', but never found it.\n    at cypressErr (http://localhost:44365/__cypress/runner/cypress_runner.js:149934:9)\n    at throwErr (http://localhost:44365/__cypress/runner/cypress_runner.js:149867:11)\n    at Object.throwErrByPath (http://localhost:44365/__cypress/runner/cypress_runner.js:149915:3)\n    at retry (http://localhost:44365/__cypress/runner/cypress_runner.js:144197:19)\n    at onFailFn (http://localhost:44365/__cypress/runner/cypress_runner.js:132448:16)\n    at tryCatcher (http://localhost:44365/__cypress/runner/cypress_runner.js:167415:23)\n    at Promise._settlePromiseFromHandler (http://localhost:44365/__cypress/runner/cypress_runner.js:165351:31)\n    at Promise._settlePromise (http://localhost:44365/__cypress/runner/cypress_runner.js:165408:18)\n    at Promise._settlePromise0 (http://localhost:44365/__cypress/runner/cypress_runner.js:165453:10)\n    at Promise._settlePromises (http://localhost:44365/__cypress/runner/cypress_runner.js:165528:18)\n    at Async../node_modules/bluebird/js/release/async.js.Async._drainQueue (http://localhost:44365/__cypress/runner/cypress_runner.js:162140:16)\n    at Async../node_modules/bluebird/js/release/async.js.Async._drainQueues (http://localhost:44365/__cypress/runner/cypress_runner.js:162150:10)\n    at Async.drainQueues (http://localhost:44365/__cypress/runner/cypress_runner.js:162024:14)",
                "diff": null
              },
              "uuid": "12abf779-a86a-48cd-93aa-85b5bf5ac0aa",
              "parentUUID": "4f111ef4-741d-4c25-994b-c2a13d22c302",
              "isHook": false,
              "skipped": false
            },
            {
              "title": "Verifica se o texto do botão é 'Limpar'",
              "fullTitle": "9 - Crie um botão que, ao ser clicado, limpa o quadro preenchendo a cor de todos seus pixels com branco. Verifica se o texto do botão é 'Limpar'",
              "timedOut": null,
              "duration": 4760,
              "state": "failed",
              "speed": null,
              "pass": false,
              "fail": true,
              "pending": false,
              "context": null,
              "code": "cy.get('#clear-board').should('contain.text', 'Limpar');",
              "err": {
                "message": "CypressError: Timed out retrying: Expected to find element: '#clear-board', but never found it.",
                "estack": "CypressError: Timed out retrying: Expected to find element: '#clear-board', but never found it.\n    at cypressErr (http://localhost:44365/__cypress/runner/cypress_runner.js:149934:9)\n    at throwErr (http://localhost:44365/__cypress/runner/cypress_runner.js:149867:11)\n    at Object.throwErrByPath (http://localhost:44365/__cypress/runner/cypress_runner.js:149915:3)\n    at retry (http://localhost:44365/__cypress/runner/cypress_runner.js:144197:19)\n    at onFailFn (http://localhost:44365/__cypress/runner/cypress_runner.js:132448:16)\n    at tryCatcher (http://localhost:44365/__cypress/runner/cypress_runner.js:167415:23)\n    at Promise._settlePromiseFromHandler (http://localhost:44365/__cypress/runner/cypress_runner.js:165351:31)\n    at Promise._settlePromise (http://localhost:44365/__cypress/runner/cypress_runner.js:165408:18)\n    at Promise._settlePromise0 (http://localhost:44365/__cypress/runner/cypress_runner.js:165453:10)\n    at Promise._settlePromises (http://localhost:44365/__cypress/runner/cypress_runner.js:165528:18)\n    at Async../node_modules/bluebird/js/release/async.js.Async._drainQueue (http://localhost:44365/__cypress/runner/cypress_runner.js:162140:16)\n    at Async../node_modules/bluebird/js/release/async.js.Async._drainQueues (http://localhost:44365/__cypress/runner/cypress_runner.js:162150:10)\n    at Async.drainQueues (http://localhost:44365/__cypress/runner/cypress_runner.js:162024:14)",
                "diff": null
              },
              "uuid": "4da3be36-7d0f-4440-a7ba-4567f034cc0b",
              "parentUUID": "4f111ef4-741d-4c25-994b-c2a13d22c302",
              "isHook": false,
              "skipped": false
            },
            {
              "title": "Verifica se ao clicar no botão, o quadro de pixels é totalmente preenchido de branco",
              "fullTitle": "9 - Crie um botão que, ao ser clicado, limpa o quadro preenchendo a cor de todos seus pixels com branco. Verifica se ao clicar no botão, o quadro de pixels é totalmente preenchido de branco",
              "timedOut": null,
              "duration": 4540,
              "state": "failed",
              "speed": null,
              "pass": false,
              "fail": true,
              "pending": false,
              "context": null,
              "code": "cy.get('.color').eq(1).then(function (color) {\n  var backgroundColor = color.css('background-color');\n  cy.wrap(color).click();\n  cy.get('.pixel').each(function (pixel) {\n    cy.wrap(pixel).click().should('have.css', 'background-color', backgroundColor);\n  });\n});\ncy.get('#clear-board').click();\ncy.get('.pixel').each(function (pixel) {\n  cy.wrap(pixel).should('have.css', 'background-color', WHITE);\n});",
              "err": {
                "message": "CypressError: Timed out retrying: Expected to find element: '.color', but never found it.",
                "estack": "CypressError: Timed out retrying: Expected to find element: '.color', but never found it.\n    at cypressErr (http://localhost:44365/__cypress/runner/cypress_runner.js:149934:9)\n    at throwErr (http://localhost:44365/__cypress/runner/cypress_runner.js:149867:11)\n    at Object.throwErrByPath (http://localhost:44365/__cypress/runner/cypress_runner.js:149915:3)\n    at retry (http://localhost:44365/__cypress/runner/cypress_runner.js:144197:19)\n    at onFailFn (http://localhost:44365/__cypress/runner/cypress_runner.js:132448:16)\n    at tryCatcher (http://localhost:44365/__cypress/runner/cypress_runner.js:167415:23)\n    at Promise._settlePromiseFromHandler (http://localhost:44365/__cypress/runner/cypress_runner.js:165351:31)\n    at Promise._settlePromise (http://localhost:44365/__cypress/runner/cypress_runner.js:165408:18)\n    at Promise._settlePromise0 (http://localhost:44365/__cypress/runner/cypress_runner.js:165453:10)\n    at Promise._settlePromises (http://localhost:44365/__cypress/runner/cypress_runner.js:165528:18)\n    at Async../node_modules/bluebird/js/release/async.js.Async._drainQueue (http://localhost:44365/__cypress/runner/cypress_runner.js:162140:16)\n    at Async../node_modules/bluebird/js/release/async.js.Async._drainQueues (http://localhost:44365/__cypress/runner/cypress_runner.js:162150:10)\n    at Async.drainQueues (http://localhost:44365/__cypress/runner/cypress_runner.js:162024:14)",
                "diff": null
              },
              "uuid": "04a312f2-1840-4d32-9e61-d7f529e616de",
              "parentUUID": "4f111ef4-741d-4c25-994b-c2a13d22c302",
              "isHook": false,
              "skipped": false
            }
          ],
          "suites": [],
          "passes": [],
          "failures": [
            "3270a8ea-1f04-4e6d-9dec-6d75c8b7a8bb",
            "12abf779-a86a-48cd-93aa-85b5bf5ac0aa",
[...]
                "diff": null
              },
              "uuid": "33668589-a782-4e6a-9945-fa8e02ff9e17",
              "parentUUID": "32820f23-ad52-4337-981e-97b3f4ff2fd7",
              "isHook": false,
              "skipped": false
            },
            {
              "title": "Verifica se o novo quadro tem todos os pixels preenchidos com a cor branca",
              "fullTitle": "10 - Faça o quadro de pixels ter seu tamanho definido pelo usuário. Verifica se o novo quadro tem todos os pixels preenchidos com a cor branca",
              "timedOut": null,
              "duration": 4626,
              "state": "failed",
              "speed": null,
              "pass": false,
              "fail": true,
              "pending": false,
              "context": null,
              "code": "cy.get('#board-size').clear().type(6);\ncy.get('#generate-board').click();\ncy.get('.pixel').should('have.length', 36).each(function (pixel) {\n  expect(pixel).to.have.css('background-color', WHITE);\n});",
              "err": {
                "message": "CypressError: Timed out retrying: Expected to find element: '#board-size', but never found it.",
                "estack": "CypressError: Timed out retrying: Expected to find element: '#board-size', but never found it.\n    at cypressErr (http://localhost:44365/__cypress/runner/cypress_runner.js:149934:9)\n    at throwErr (http://localhost:44365/__cypress/runner/cypress_runner.js:149867:11)\n    at Object.throwErrByPath (http://localhost:44365/__cypress/runner/cypress_runner.js:149915:3)\n    at retry (http://localhost:44365/__cypress/runner/cypress_runner.js:144197:19)\n    at onFailFn (http://localhost:44365/__cypress/runner/cypress_runner.js:132448:16)\n    at tryCatcher (http://localhost:44365/__cypress/runner/cypress_runner.js:167415:23)\n    at Promise._settlePromiseFromHandler (http://localhost:44365/__cypress/runner/cypress_runner.js:165351:31)\n    at Promise._settlePromise (http://localhost:44365/__cypress/runner/cypress_runner.js:165408:18)\n    at Promise._settlePromise0 (http://localhost:44365/__cypress/runner/cypress_runner.js:165453:10)\n    at Promise._settlePromises (http://localhost:44365/__cypress/runner/cypress_runner.js:165528:18)\n    at Async../node_modules/bluebird/js/release/async.js.Async._drainQueue (http://localhost:44365/__cypress/runner/cypress_runner.js:162140:16)\n    at Async../node_modules/bluebird/js/release/async.js.Async._drainQueues (http://localhost:44365/__cypress/runner/cypress_runner.js:162150:10)\n    at Async.drainQueues (http://localhost:44365/__cypress/runner/cypress_runner.js:162024:14)",
                "diff": null
              },
              "uuid": "d449cbc3-a6d9-41b9-87db-9724da5b870c",
              "parentUUID": "32820f23-ad52-4337-981e-97b3f4ff2fd7",
              "isHook": false,
              "skipped": false
            }
          ],
          "suites": [],
          "passes": [],
          "failures": [
            "0280b58c-94b5-4dde-93a9-304a695ffe08",
            "6be6b50e-d39d-4da8-8bae-3ad38f144e57",
            "3eb09151-7aab-45a7-8bee-2ca8ca03153c",
            "8fc47a3d-b6c5-4efc-aa68-f7442915aba3",
            "86cb43d1-6d80-4e93-bfb4-626c83f0aa95",
            "8ed7519f-681e-44f5-b203-3f377fb29c27",
            "a8d4d76c-66f8-43a5-9aef-96ca5a0c569d",
            "33668589-a782-4e6a-9945-fa8e02ff9e17",
            "d449cbc3-a6d9-41b9-87db-9724da5b870c"
          ],
          "pending": [],
          "skipped": [],
          "duration": 41949,
          "root": false,
          "rootEmpty": false,
          "_timeout": 2000
        },
        {
          "uuid": "2461e8eb-faad-4921-9980-220b935e8ef0",
          "title": "11 - Limite o tamanho mínimo e máximo do board.",
          "fullFile": "",
          "file": "",
          "beforeHooks": [],
          "afterHooks": [],
          "tests": [
            {
              "title": "Verifica se a altura máxima do board é 50",
              "fullTitle": "11 - Limite o tamanho mínimo e máximo do board. Verifica se a altura máxima do board é 50",
              "timedOut": null,
              "duration": 4524,
              "state": "failed",
              "speed": null,
              "pass": false,
              "fail": true,
              "pending": false,
              "context": null,
              "code": "cy.get('#board-size').clear().type(50);\ncy.get('#generate-board').click();\ncy.get('.pixel').should('have.length', 2500);",
              "err": {
                "message": "CypressError: Timed out retrying: Expected to find element: '#board-size', but never found it.",
                "estack": "CypressError: Timed out retrying: Expected to find element: '#board-size', but never found it.\n    at cypressErr (http://localhost:44365/__cypress/runner/cypress_runner.js:149934:9)\n    at throwErr (http://localhost:44365/__cypress/runner/cypress_runner.js:149867:11)\n    at Object.throwErrByPath (http://localhost:44365/__cypress/runner/cypress_runner.js:149915:3)\n    at retry (http://localhost:44365/__cypress/runner/cypress_runner.js:144197:19)\n    at onFailFn (http://localhost:44365/__cypress/runner/cypress_runner.js:132448:16)\n    at tryCatcher (http://localhost:44365/__cypress/runner/cypress_runner.js:167415:23)\n    at Promise._settlePromiseFromHandler (http://localhost:44365/__cypress/runner/cypress_runner.js:165351:31)\n    at Promise._settlePromise (http://localhost:44365/__cypress/runner/cypress_runner.js:165408:18)\n    at Promise._settlePromise0 (http://localhost:44365/__cypress/runner/cypress_runner.js:165453:10)\n    at Promise._settlePromises (http://localhost:44365/__cypress/runner/cypress_runner.js:165528:18)\n    at Async../node_modules/bluebird/js/release/async.js.Async._drainQueue (http://localhost:44365/__cypress/runner/cypress_runner.js:162140:16)\n    at Async../node_modules/bluebird/js/release/async.js.Async._drainQueues (http://localhost:44365/__cypress/runner/cypress_runner.js:162150:10)\n    at Async.drainQueues (http://localhost:44365/__cypress/runner/cypress_runner.js:162024:14)",
                "diff": null
              },
              "uuid": "8220cd8e-ce55-403a-a839-f5c94dea0e67",
              "parentUUID": "2461e8eb-faad-4921-9980-220b935e8ef0",
              "isHook": false,
              "skipped": false
            },
            {
              "title": "Verifica se a altura do board é 5 quando um valor menor é colocado no input",
              "fullTitle": "11 - Limite o tamanho mínimo e máximo do board. Verifica se a altura do board é 5 quando um valor menor é colocado no input",
              "timedOut": null,
              "duration": 4594,
              "state": "failed",
              "speed": null,
              "pass": false,
              "fail": true,
              "pending": false,
              "context": null,
              "code": "cy.get('#board-size').clear().type(4);\ncy.get('#generate-board').click();\ncy.get('.pixel').should('have.length', 25);",
              "err": {
                "message": "CypressError: Timed out retrying: Expected to find element: '#board-size', but never found it.",
                "estack": "CypressError: Timed out retrying: Expected to find element: '#board-size', but never found it.\n    at cypressErr (http://localhost:44365/__cypress/runner/cypress_runner.js:149934:9)\n    at throwErr (http://localhost:44365/__cypress/runner/cypress_runner.js:149867:11)\n    at Object.throwErrByPath (http://localhost:44365/__cypress/runner/cypress_runner.js:149915:3)\n    at retry (http://localhost:44365/__cypress/runner/cypress_runner.js:144197:19)\n    at onFailFn (http://localhost:44365/__cypress/runner/cypress_runner.js:132448:16)\n    at tryCatcher (http://localhost:44365/__cypress/runner/cypress_runner.js:167415:23)\n    at Promise._settlePromiseFromHandler (http://localhost:44365/__cypress/runner/cypress_runner.js:165351:31)\n    at Promise._settlePromise (http://localhost:44365/__cypress/runner/cypress_runner.js:165408:18)\n    at Promise._settlePromise0 (http://localhost:44365/__cypress/runner/cypress_runner.js:165453:10)\n    at Promise._settlePromises (http://localhost:44365/__cypress/runner/cypress_runner.js:165528:18)\n    at Async../node_modules/bluebird/js/release/async.js.Async._drainQueue (http://localhost:44365/__cypress/runner/cypress_runner.js:162140:16)\n    at Async../node_modules/bluebird/js/release/async.js.Async._drainQueues (http://localhost:44365/__cypress/runner/cypress_runner.js:162150:10)\n    at Async.drainQueues (http://localhost:44365/__cypress/runner/cypress_runner.js:162024:14)",
                "diff": null
              },
              "uuid": "9da8f0d7-6747-4d4e-b358-3249a4061ee9",
              "parentUUID": "2461e8eb-faad-4921-9980-220b935e8ef0",
              "isHook": false,
              "skipped": false
            },
            {
              "title": "Verifica se a altura do board é 50 quando um valor maior é colocado no input",
              "fullTitle": "11 - Limite o tamanho mínimo e máximo do board. Verifica se a altura do board é 50 quando um valor maior é colocado no input",
              "timedOut": null,
              "duration": 4569,
              "state": "failed",
              "speed": null,
              "pass": false,
              "fail": true,
              "pending": false,
              "context": null,
              "code": "cy.get('#board-size').clear().type(51);\ncy.get('#generate-board').click();\ncy.get('.pixel').should('have.length', 2500);",
              "err": {
                "message": "CypressError: Timed out retrying: Expected to find element: '#board-size', but never found it.",
                "estack": "CypressError: Timed out retrying: Expected to find element: '#board-size', but never found it.\n    at cypressErr (http://localhost:44365/__cypress/runner/cypress_runner.js:149934:9)\n    at throwErr (http://localhost:44365/__cypress/runner/cypress_runner.js:149867:11)\n    at Object.throwErrByPath (http://localhost:44365/__cypress/runner/cypress_runner.js:149915:3)\n    at retry (http://localhost:44365/__cypress/runner/cypress_runner.js:144197:19)\n    at onFailFn (http://localhost:44365/__cypress/runner/cypress_runner.js:132448:16)\n    at tryCatcher (http://localhost:44365/__cypress/runner/cypress_runner.js:167415:23)\n    at Promise._settlePromiseFromHandler (http://localhost:44365/__cypress/runner/cypress_runner.js:165351:31)\n    at Promise._settlePromise (http://localhost:44365/__cypress/runner/cypress_runner.js:165408:18)\n    at Promise._settlePromise0 (http://localhost:44365/__cypress/runner/cypress_runner.js:165453:10)\n    at Promise._settlePromises (http://localhost:44365/__cypress/runner/cypress_runner.js:165528:18)\n    at Async../node_modules/bluebird/js/release/async.js.Async._drainQueue (http://localhost:44365/__cypress/runner/cypress_runner.js:162140:16)\n    at Async../node_modules/bluebird/js/release/async.js.Async._drainQueues (http://localhost:44365/__cypress/runner/cypress_runner.js:162150:10)\n    at Async.drainQueues (http://localhost:44365/__cypress/runner/cypress_runner.js:162024:14)",
                "diff": null
              },
              "uuid": "f32333d5-7726-4e22-ae4d-46d945499039",
              "parentUUID": "2461e8eb-faad-4921-9980-220b935e8ef0",
              "isHook": false,
              "skipped": false
            }
          ],
          "suites": [],
          "passes": [],
          "failures": [
            "8220cd8e-ce55-403a-a839-f5c94dea0e67",
            "9da8f0d7-6747-4d4e-b358-3249a4061ee9",
            "f32333d5-7726-4e22-ae4d-46d945499039"
          ],
          "pending": [],
          "skipped": [],
          "duration": 13687,
          "root": false,
          "rootEmpty": false,
          "_timeout": 2000
        },
        {
          "uuid": "0e196560-57fa-4b24-90ea-1f003bc74733",
          "title": "12 - Faça com que as cores da paleta sejam geradas aleatoriamente ao carregar a página.",
          "fullFile": "",
          "file": "",
          "beforeHooks": [],
          "afterHooks": [],
          "tests": [
            {
              "title": "Verifica se as cores geradas na paleta são diferentes a cada carregamento da página",
              "fullTitle": "12 - Faça com que as cores da paleta sejam geradas aleatoriamente ao carregar a página. Verifica se as cores geradas na paleta são diferentes a cada carregamento da página",
              "timedOut": null,
              "duration": 4953,
              "state": "failed",
              "speed": null,
              "pass": false,
              "fail": true,
              "pending": false,
              "context": null,
              "code": "cy.get('.color').then(function (colors) {\n  var currentColors;\n  var previousColors;\n  previousColors = Array.from(colors).map(function (color) {\n    return Cypress.$(color).css('background-color');\n  });\n  for (var i = 0; i < 5; i += 1) {\n    cy.reload();\n    cy.get('.color').then(function (colors) {\n      currentColors = Array.from(colors).map(function (color) {\n        return Cypress.$(color).css('background-color');\n      });\n      expect(currentColors).not.to.deep.equal(previousColors);\n      previousColors = currentColors;\n    });\n  }\n});",
              "err": {
                "message": "CypressError: Timed out retrying: Expected to find element: '.color', but never found it.",
                "estack": "CypressError: Timed out retrying: Expected to find element: '.color', but never found it.\n    at cypressErr (http://localhost:44365/__cypress/runner/cypress_runner.js:149934:9)\n    at throwErr (http://localhost:44365/__cypress/runner/cypress_runner.js:149867:11)\n    at Object.throwErrByPath (http://localhost:44365/__cypress/runner/cypress_runner.js:149915:3)\n    at retry (http://localhost:44365/__cypress/runner/cypress_runner.js:144197:19)\n    at onFailFn (http://localhost:44365/__cypress/runner/cypress_runner.js:132448:16)\n    at tryCatcher (http://localhost:44365/__cypress/runner/cypress_runner.js:167415:23)\n    at Promise._settlePromiseFromHandler (http://localhost:44365/__cypress/runner/cypress_runner.js:165351:31)\n    at Promise._settlePromise (http://localhost:44365/__cypress/runner/cypress_runner.js:165408:18)\n    at Promise._settlePromise0 (http://localhost:44365/__cypress/runner/cypress_runner.js:165453:10)\n    at Promise._settlePromises (http://localhost:44365/__cypress/runner/cypress_runner.js:165528:18)\n    at Async../node_modules/bluebird/js/release/async.js.Async._drainQueue (http://localhost:44365/__cypress/runner/cypress_runner.js:162140:16)\n    at Async../node_modules/bluebird/js/release/async.js.Async._drainQueues (http://localhost:44365/__cypress/runner/cypress_runner.js:162150:10)\n    at Async.drainQueues (http://localhost:44365/__cypress/runner/cypress_runner.js:162024:14)",
                "diff": null
              },
              "uuid": "754a760f-bb98-4097-9025-5c6969d5eeb6",
              "parentUUID": "0e196560-57fa-4b24-90ea-1f003bc74733",
              "isHook": false,
              "skipped": false
            },
            {
              "title": "Verifica se a cor preta ainda está presente e é a primeira na sua paleta de cores",
              "fullTitle": "12 - Faça com que as cores da paleta sejam geradas aleatoriamente ao carregar a página. Verifica se a cor preta ainda está presente e é a primeira na sua paleta de cores",
              "timedOut": null,
              "duration": 4648,
              "state": "failed",
              "speed": null,
              "pass": false,
              "fail": true,
              "pending": false,
              "context": null,
              "code": "cy.get('.color').then(function (colors) {\n  var currentColors;\n  var previousColors;\n  previousColors = Array.from(colors).map(function (color) {\n    return Cypress.$(color).css('background-color');\n  });\n  expect(previousColors[0]).to.eq(BLACK);\n  for (var i = 0; i < 5; i += 1) {\n    cy.reload();\n    cy.get('.color').then(function (colors) {\n      currentColors = Array.from(colors).map(function (color) {\n        return Cypress.$(color).css('background-color');\n      });\n      expect(currentColors[0]).to.eq(BLACK);\n      expect(currentColors).not.to.deep.equal(previousColors);\n      previousColors = currentColors;\n    });\n  }\n});",
              "err": {
                "message": "CypressError: Timed out retrying: Expected to find element: '.color', but never found it.",
                "estack": "CypressError: Timed out retrying: Expected to find element: '.color', but never found it.\n    at cypressErr (http://localhost:44365/__cypress/runner/cypress_runner.js:149934:9)\n    at throwErr (http://localhost:44365/__cypress/runner/cypress_runner.js:149867:11)\n    at Object.throwErrByPath (http://localhost:44365/__cypress/runner/cypress_runner.js:149915:3)\n    at retry (http://localhost:44365/__cypress/runner/cypress_runner.js:144197:19)\n    at onFailFn (http://localhost:44365/__cypress/runner/cypress_runner.js:132448:16)\n    at tryCatcher (http://localhost:44365/__cypress/runner/cypress_runner.js:167415:23)\n    at Promise._settlePromiseFromHandler (http://localhost:44365/__cypress/runner/cypress_runner.js:165351:31)\n    at Promise._settlePromise (http://localhost:44365/__cypress/runner/cypress_runner.js:165408:18)\n    at Promise._settlePromise0 (http://localhost:44365/__cypress/runner/cypress_runner.js:165453:10)\n    at Promise._settlePromises (http://localhost:44365/__cypress/runner/cypress_runner.js:165528:18)\n    at Async../node_modules/bluebird/js/release/async.js.Async._drainQueue (http://localhost:44365/__cypress/runner/cypress_runner.js:162140:16)\n    at Async../node_modules/bluebird/js/release/async.js.Async._drainQueues (http://localhost:44365/__cypress/runner/cypress_runner.js:162150:10)\n    at Async.drainQueues (http://localhost:44365/__cypress/runner/cypress_runner.js:162024:14)",
                "diff": null
              },
              "uuid": "c6600ea9-effe-409a-b9b9-20f0186932bf",
              "parentUUID": "0e196560-57fa-4b24-90ea-1f003bc74733",
              "isHook": false,
              "skipped": false
            }
          ],
          "suites": [],
          "passes": [],
          "failures": [
            "754a760f-bb98-4097-9025-5c6969d5eeb6",
            "c6600ea9-effe-409a-b9b9-20f0186932bf"
          ],
          "pending": [],
          "skipped": [],
          "duration": 9601,
          "root": false,
          "rootEmpty": false,
          "_timeout": 2000
        }
      ],
      "passes": [],
      "failures": [],
      "pending": [],
      "skipped": [],
      "duration": 0,
      "root": true,
      "rootEmpty": true,
      "_timeout": 2000
    }
  ],
  "meta": {
    "mocha": {
      "version": "7.0.1"
    },
    "mochawesome": {
      "options": {
        "quiet": false,
        "reportFilename": "mochawesome",
        "saveHtml": false,
        "saveJson": true,
        "consoleReporter": "spec",
        "useInlineDiffs": false
      },
      "version": "4.1.0"
    },
    "marge": {
      "options": {
        "id": "default",
        "reportDir": "cypress/reports",
        "overwrite": true,
        "html": false,
        "json": true
      },
      "version": "4.1.0"
    }
  }
}